#! /usr/bin/vvp
:ivl_version "12.0 (stable)";
:ivl_delay_selection "TYPICAL";
:vpi_time_precision - 12;
:vpi_module "/usr/lib64/ivl/system.vpi";
:vpi_module "/usr/lib64/ivl/vhdl_sys.vpi";
:vpi_module "/usr/lib64/ivl/vhdl_textio.vpi";
:vpi_module "/usr/lib64/ivl/v2005_math.vpi";
:vpi_module "/usr/lib64/ivl/va_math.vpi";
:vpi_module "/usr/lib64/ivl/v2009.vpi";
S_0x55e1f979d500 .scope package, "$unit" "$unit" 2 1;
 .timescale 0 0;
S_0x55e1f979d690 .scope module, "i2c_decoder_tb" "i2c_decoder_tb" 3 12;
 .timescale -9 -12;
P_0x55e1f979d820 .param/l "CLK_PERIOD" 1 3 18, +C4<00000000000000000000000000001010>;
P_0x55e1f979d860 .param/l "I2C_HALF" 1 3 23, +C4<00000000000000000000000000110010>;
P_0x55e1f979d8a0 .param/l "I2C_SETUP" 1 3 24, +C4<00000000000000000000000000000101>;
v0x55e1f9834570_0 .net "ack", 0 0, v0x55e1f98329d0_0;  1 drivers
v0x55e1f9834630_0 .net "addr", 6 0, v0x55e1f9832ae0_0;  1 drivers
v0x55e1f98346d0_0 .net "addr_valid", 0 0, v0x55e1f9832bc0_0;  1 drivers
v0x55e1f98347d0_0 .net "busy", 0 0, v0x55e1f9832d60_0;  1 drivers
v0x55e1f98348a0_0 .var "clk", 0 0;
v0x55e1f9834990_0 .net "data_byte", 7 0, v0x55e1f9832ee0_0;  1 drivers
v0x55e1f9834a60_0 .net "data_valid", 0 0, v0x55e1f9832fc0_0;  1 drivers
v0x55e1f9834b30_0 .net "error", 0 0, v0x55e1f9833080_0;  1 drivers
v0x55e1f9834c00_0 .var "error_latch", 0 0;
v0x55e1f9834ca0_0 .var/i "fail_cnt", 31 0;
v0x55e1f9834d40_0 .var/i "pass_cnt", 31 0;
v0x55e1f9834de0_0 .var "rst_n", 0 0;
v0x55e1f9834eb0_0 .net "rw", 0 0, v0x55e1f9833200_0;  1 drivers
v0x55e1f9834f80_0 .var "scl", 0 0;
v0x55e1f9835050_0 .var "sda", 0 0;
S_0x55e1f97eb5d0 .scope task, "check" "check" 3 147, 3 147 0, S_0x55e1f979d690;
 .timescale -9 -12;
v0x55e1f9804b20_0 .var "expected", 63 0;
v0x55e1f9804bf0_0 .var "got", 63 0;
v0x55e1f9806810_0 .var "label", 127 0;
TD_i2c_decoder_tb.check ;
    %load/vec4 v0x55e1f9804bf0_0;
    %load/vec4 v0x55e1f9804b20_0;
    %cmp/e;
    %jmp/0xz  T_0.0, 6;
    %vpi_call/w 3 153 "$display", "  [PASS] %s : 0x%0h", v0x55e1f9806810_0, v0x55e1f9804bf0_0 {0 0 0};
    %load/vec4 v0x55e1f9834d40_0;
    %addi 1, 0, 32;
    %store/vec4 v0x55e1f9834d40_0, 0, 32;
    %jmp T_0.1;
T_0.0 ;
    %vpi_call/w 3 156 "$display", "  [FAIL] %s : got=0x%0h  expected=0x%0h", v0x55e1f9806810_0, v0x55e1f9804bf0_0, v0x55e1f9804b20_0 {0 0 0};
    %load/vec4 v0x55e1f9834ca0_0;
    %addi 1, 0, 32;
    %store/vec4 v0x55e1f9834ca0_0, 0, 32;
T_0.1 ;
    %end;
S_0x55e1f9831380 .scope task, "clear_error_latch" "clear_error_latch" 3 167, 3 167 0, S_0x55e1f979d690;
 .timescale -9 -12;
E_0x55e1f97f0ff0 .event posedge, v0x55e1f9832e20_0;
TD_i2c_decoder_tb.clear_error_latch ;
    %wait E_0x55e1f97f0ff0;
    %pushi/vec4 0, 0, 1;
    %store/vec4 v0x55e1f9834c00_0, 0, 1;
    %end;
S_0x55e1f98315a0 .scope task, "i2c_send_bit" "i2c_send_bit" 3 107, 3 107 0, S_0x55e1f979d690;
 .timescale -9 -12;
v0x55e1f97cf5a0_0 .var "bit_val", 0 0;
TD_i2c_decoder_tb.i2c_send_bit ;
    %load/vec4 v0x55e1f97cf5a0_0;
    %store/vec4 v0x55e1f9835050_0, 0, 1;
    %pushi/vec4 5, 0, 32;
    %store/vec4 v0x55e1f9834490_0, 0, 32;
    %fork TD_i2c_decoder_tb.wait_clocks, S_0x55e1f9834200;
    %join;
    %pushi/vec4 1, 0, 1;
    %store/vec4 v0x55e1f9834f80_0, 0, 1;
    %pushi/vec4 50, 0, 32;
    %store/vec4 v0x55e1f9834490_0, 0, 32;
    %fork TD_i2c_decoder_tb.wait_clocks, S_0x55e1f9834200;
    %join;
    %pushi/vec4 0, 0, 1;
    %store/vec4 v0x55e1f9834f80_0, 0, 1;
    %pushi/vec4 5, 0, 32;
    %store/vec4 v0x55e1f9834490_0, 0, 32;
    %fork TD_i2c_decoder_tb.wait_clocks, S_0x55e1f9834200;
    %join;
    %end;
S_0x55e1f98317a0 .scope task, "i2c_send_byte" "i2c_send_byte" 3 122, 3 122 0, S_0x55e1f979d690;
 .timescale -9 -12;
v0x55e1f97d3a00_0 .var "data", 7 0;
v0x55e1f97d3b00_0 .var/i "i", 31 0;
v0x55e1f9831a20_0 .var "slave_ack", 0 0;
TD_i2c_decoder_tb.i2c_send_byte ;
    %pushi/vec4 7, 0, 32;
    %store/vec4 v0x55e1f97d3b00_0, 0, 32;
T_3.2 ;
    %load/vec4 v0x55e1f97d3b00_0;
    %cmpi/s 0, 0, 32;
    %flag_inv 5; GE is !LT
    %jmp/0xz T_3.3, 5;
    %load/vec4 v0x55e1f97d3a00_0;
    %load/vec4 v0x55e1f97d3b00_0;
    %part/s 1;
    %store/vec4 v0x55e1f97cf5a0_0, 0, 1;
    %fork TD_i2c_decoder_tb.i2c_send_bit, S_0x55e1f98315a0;
    %join;
    %load/vec4 v0x55e1f97d3b00_0;
    %subi 1, 0, 32;
    %store/vec4 v0x55e1f97d3b00_0, 0, 32;
    %jmp T_3.2;
T_3.3 ;
    %load/vec4 v0x55e1f9831a20_0;
    %inv;
    %store/vec4 v0x55e1f9835050_0, 0, 1;
    %pushi/vec4 5, 0, 32;
    %store/vec4 v0x55e1f9834490_0, 0, 32;
    %fork TD_i2c_decoder_tb.wait_clocks, S_0x55e1f9834200;
    %join;
    %pushi/vec4 1, 0, 1;
    %store/vec4 v0x55e1f9834f80_0, 0, 1;
    %pushi/vec4 50, 0, 32;
    %store/vec4 v0x55e1f9834490_0, 0, 32;
    %fork TD_i2c_decoder_tb.wait_clocks, S_0x55e1f9834200;
    %join;
    %pushi/vec4 0, 0, 1;
    %store/vec4 v0x55e1f9834f80_0, 0, 1;
    %pushi/vec4 5, 0, 32;
    %store/vec4 v0x55e1f9834490_0, 0, 32;
    %fork TD_i2c_decoder_tb.wait_clocks, S_0x55e1f9834200;
    %join;
    %pushi/vec4 0, 1, 1;
    %store/vec4 v0x55e1f9835050_0, 0, 1;
    %end;
S_0x55e1f9831ac0 .scope task, "i2c_start" "i2c_start" 3 82, 3 82 0, S_0x55e1f979d690;
 .timescale -9 -12;
TD_i2c_decoder_tb.i2c_start ;
    %pushi/vec4 1, 0, 1;
    %store/vec4 v0x55e1f9835050_0, 0, 1;
    %pushi/vec4 1, 0, 1;
    %store/vec4 v0x55e1f9834f80_0, 0, 1;
    %pushi/vec4 50, 0, 32;
    %store/vec4 v0x55e1f9834490_0, 0, 32;
    %fork TD_i2c_decoder_tb.wait_clocks, S_0x55e1f9834200;
    %join;
    %pushi/vec4 0, 0, 1;
    %store/vec4 v0x55e1f9835050_0, 0, 1;
    %pushi/vec4 50, 0, 32;
    %store/vec4 v0x55e1f9834490_0, 0, 32;
    %fork TD_i2c_decoder_tb.wait_clocks, S_0x55e1f9834200;
    %join;
    %pushi/vec4 0, 0, 1;
    %store/vec4 v0x55e1f9834f80_0, 0, 1;
    %pushi/vec4 5, 0, 32;
    %store/vec4 v0x55e1f9834490_0, 0, 32;
    %fork TD_i2c_decoder_tb.wait_clocks, S_0x55e1f9834200;
    %join;
    %end;
S_0x55e1f9831cf0 .scope task, "i2c_stop" "i2c_stop" 3 95, 3 95 0, S_0x55e1f979d690;
 .timescale -9 -12;
TD_i2c_decoder_tb.i2c_stop ;
    %pushi/vec4 0, 0, 1;
    %store/vec4 v0x55e1f9835050_0, 0, 1;
    %pushi/vec4 5, 0, 32;
    %store/vec4 v0x55e1f9834490_0, 0, 32;
    %fork TD_i2c_decoder_tb.wait_clocks, S_0x55e1f9834200;
    %join;
    %pushi/vec4 1, 0, 1;
    %store/vec4 v0x55e1f9834f80_0, 0, 1;
    %pushi/vec4 50, 0, 32;
    %store/vec4 v0x55e1f9834490_0, 0, 32;
    %fork TD_i2c_decoder_tb.wait_clocks, S_0x55e1f9834200;
    %join;
    %pushi/vec4 1, 0, 1;
    %store/vec4 v0x55e1f9835050_0, 0, 1;
    %pushi/vec4 50, 0, 32;
    %store/vec4 v0x55e1f9834490_0, 0, 32;
    %fork TD_i2c_decoder_tb.wait_clocks, S_0x55e1f9834200;
    %join;
    %end;
S_0x55e1f9831ed0 .scope module, "uut" "i2c_decoder" 3 46, 4 17 0, S_0x55e1f979d690;
 .timescale -9 -12;
    .port_info 0 /INPUT 1 "clk";
    .port_info 1 /INPUT 1 "rst_n";
    .port_info 2 /INPUT 1 "scl";
    .port_info 3 /INPUT 1 "sda";
    .port_info 4 /OUTPUT 7 "addr";
    .port_info 5 /OUTPUT 1 "rw";
    .port_info 6 /OUTPUT 8 "data_byte";
    .port_info 7 /OUTPUT 1 "addr_valid";
    .port_info 8 /OUTPUT 1 "data_valid";
    .port_info 9 /OUTPUT 1 "ack";
    .port_info 10 /OUTPUT 1 "busy";
    .port_info 11 /OUTPUT 1 "error";
P_0x55e1f98320b0 .param/l "S_ACK_ADDR" 1 4 75, C4<011>;
P_0x55e1f98320f0 .param/l "S_ACK_DATA" 1 4 77, C4<101>;
P_0x55e1f9832130 .param/l "S_ADDR" 1 4 73, C4<001>;
P_0x55e1f9832170 .param/l "S_DATA" 1 4 76, C4<100>;
P_0x55e1f98321b0 .param/l "S_IDLE" 1 4 72, C4<000>;
P_0x55e1f98321f0 .param/l "S_RW" 1 4 74, C4<010>;
L_0x55e1f97cfa70 .functor BUFZ 1, v0x55e1f9833500_0, C4<0>, C4<0>, C4<0>;
L_0x55e1f97cf400 .functor BUFZ 1, v0x55e1f9833a40_0, C4<0>, C4<0>, C4<0>;
L_0x55e1f97d38e0 .functor NOT 1, v0x55e1f98335c0_0, C4<0>, C4<0>, C4<0>;
L_0x55e1f97eddf0 .functor AND 1, v0x55e1f9833500_0, L_0x55e1f97d38e0, C4<1>, C4<1>;
L_0x55e1f98352f0 .functor NOT 1, v0x55e1f9833500_0, C4<0>, C4<0>, C4<0>;
L_0x55e1f9835360 .functor AND 1, L_0x55e1f98352f0, v0x55e1f98335c0_0, C4<1>, C4<1>;
L_0x55e1f98354b0 .functor NOT 1, v0x55e1f9833b00_0, C4<0>, C4<0>, C4<0>;
L_0x55e1f9835520 .functor AND 1, v0x55e1f9833a40_0, L_0x55e1f98354b0, C4<1>, C4<1>;
L_0x55e1f9835680 .functor NOT 1, v0x55e1f9833a40_0, C4<0>, C4<0>, C4<0>;
L_0x55e1f98356f0 .functor AND 1, L_0x55e1f9835680, v0x55e1f9833b00_0, C4<1>, C4<1>;
L_0x55e1f9835860 .functor AND 1, L_0x55e1f98356f0, L_0x55e1f97cfa70, C4<1>, C4<1>;
L_0x55e1f9835920 .functor AND 1, L_0x55e1f9835520, L_0x55e1f97cfa70, C4<1>, C4<1>;
v0x55e1f9832650_0 .net *"_ivl_12", 0 0, L_0x55e1f98354b0;  1 drivers
v0x55e1f9832750_0 .net *"_ivl_16", 0 0, L_0x55e1f9835680;  1 drivers
v0x55e1f9832830_0 .net *"_ivl_4", 0 0, L_0x55e1f97d38e0;  1 drivers
v0x55e1f98328f0_0 .net *"_ivl_8", 0 0, L_0x55e1f98352f0;  1 drivers
v0x55e1f98329d0_0 .var "ack", 0 0;
v0x55e1f9832ae0_0 .var "addr", 6 0;
v0x55e1f9832bc0_0 .var "addr_valid", 0 0;
v0x55e1f9832c80_0 .var "bit_cnt", 3 0;
v0x55e1f9832d60_0 .var "busy", 0 0;
v0x55e1f9832e20_0 .net "clk", 0 0, v0x55e1f98348a0_0;  1 drivers
v0x55e1f9832ee0_0 .var "data_byte", 7 0;
v0x55e1f9832fc0_0 .var "data_valid", 0 0;
v0x55e1f9833080_0 .var "error", 0 0;
v0x55e1f9833140_0 .net "rst_n", 0 0, v0x55e1f9834de0_0;  1 drivers
v0x55e1f9833200_0 .var "rw", 0 0;
v0x55e1f98332c0_0 .net "scl", 0 0, v0x55e1f9834f80_0;  1 drivers
v0x55e1f9833380_0 .net "scl_falling", 0 0, L_0x55e1f9835360;  1 drivers
v0x55e1f9833440_0 .var "scl_r1", 0 0;
v0x55e1f9833500_0 .var "scl_r2", 0 0;
v0x55e1f98335c0_0 .var "scl_r3", 0 0;
v0x55e1f9833680_0 .net "scl_rising", 0 0, L_0x55e1f97eddf0;  1 drivers
v0x55e1f9833740_0 .net "scl_stable", 0 0, L_0x55e1f97cfa70;  1 drivers
v0x55e1f9833800_0 .net "sda", 0 0, v0x55e1f9835050_0;  1 drivers
v0x55e1f98338c0_0 .net "sda_falling", 0 0, L_0x55e1f98356f0;  1 drivers
v0x55e1f9833980_0 .var "sda_r1", 0 0;
v0x55e1f9833a40_0 .var "sda_r2", 0 0;
v0x55e1f9833b00_0 .var "sda_r3", 0 0;
v0x55e1f9833bc0_0 .net "sda_rising", 0 0, L_0x55e1f9835520;  1 drivers
v0x55e1f9833c80_0 .net "sda_stable", 0 0, L_0x55e1f97cf400;  1 drivers
v0x55e1f9833d40_0 .var "shift_reg", 7 0;
v0x55e1f9833e20_0 .net "start_det", 0 0, L_0x55e1f9835860;  1 drivers
v0x55e1f9833ee0_0 .var "state", 2 0;
v0x55e1f9833fc0_0 .net "stop_det", 0 0, L_0x55e1f9835920;  1 drivers
E_0x55e1f97f4360/0 .event negedge, v0x55e1f9833140_0;
E_0x55e1f97f4360/1 .event posedge, v0x55e1f9832e20_0;
E_0x55e1f97f4360 .event/or E_0x55e1f97f4360/0, E_0x55e1f97f4360/1;
S_0x55e1f9834200 .scope task, "wait_clocks" "wait_clocks" 3 72, 3 72 0, S_0x55e1f979d690;
 .timescale -9 -12;
v0x55e1f9834390_0 .var/i "i", 31 0;
v0x55e1f9834490_0 .var/i "n", 31 0;
TD_i2c_decoder_tb.wait_clocks ;
    %pushi/vec4 0, 0, 32;
    %store/vec4 v0x55e1f9834390_0, 0, 32;
T_6.4 ;
    %load/vec4 v0x55e1f9834390_0;
    %load/vec4 v0x55e1f9834490_0;
    %cmp/s;
    %jmp/0xz T_6.5, 5;
    %wait E_0x55e1f97f0ff0;
    %load/vec4 v0x55e1f9834390_0;
    %addi 1, 0, 32;
    %store/vec4 v0x55e1f9834390_0, 0, 32;
    %jmp T_6.4;
T_6.5 ;
    %end;
    .scope S_0x55e1f9831ed0;
T_7 ;
    %wait E_0x55e1f97f4360;
    %load/vec4 v0x55e1f9833140_0;
    %nor/r;
    %flag_set/vec4 8;
    %jmp/0xz  T_7.0, 8;
    %pushi/vec4 1, 0, 1;
    %assign/vec4 v0x55e1f9833440_0, 0;
    %pushi/vec4 1, 0, 1;
    %assign/vec4 v0x55e1f9833500_0, 0;
    %pushi/vec4 1, 0, 1;
    %assign/vec4 v0x55e1f98335c0_0, 0;
    %pushi/vec4 1, 0, 1;
    %assign/vec4 v0x55e1f9833980_0, 0;
    %pushi/vec4 1, 0, 1;
    %assign/vec4 v0x55e1f9833a40_0, 0;
    %pushi/vec4 1, 0, 1;
    %assign/vec4 v0x55e1f9833b00_0, 0;
    %jmp T_7.1;
T_7.0 ;
    %load/vec4 v0x55e1f98332c0_0;
    %assign/vec4 v0x55e1f9833440_0, 0;
    %load/vec4 v0x55e1f9833440_0;
    %assign/vec4 v0x55e1f9833500_0, 0;
    %load/vec4 v0x55e1f9833500_0;
    %assign/vec4 v0x55e1f98335c0_0, 0;
    %load/vec4 v0x55e1f9833800_0;
    %assign/vec4 v0x55e1f9833980_0, 0;
    %load/vec4 v0x55e1f9833980_0;
    %assign/vec4 v0x55e1f9833a40_0, 0;
    %load/vec4 v0x55e1f9833a40_0;
    %assign/vec4 v0x55e1f9833b00_0, 0;
T_7.1 ;
    %jmp T_7;
    .thread T_7;
    .scope S_0x55e1f9831ed0;
T_8 ;
    %wait E_0x55e1f97f4360;
    %load/vec4 v0x55e1f9833140_0;
    %nor/r;
    %flag_set/vec4 8;
    %jmp/0xz  T_8.0, 8;
    %pushi/vec4 0, 0, 3;
    %assign/vec4 v0x55e1f9833ee0_0, 0;
    %pushi/vec4 0, 0, 4;
    %assign/vec4 v0x55e1f9832c80_0, 0;
    %pushi/vec4 0, 0, 8;
    %assign/vec4 v0x55e1f9833d40_0, 0;
    %pushi/vec4 0, 0, 7;
    %assign/vec4 v0x55e1f9832ae0_0, 0;
    %pushi/vec4 0, 0, 1;
    %assign/vec4 v0x55e1f9833200_0, 0;
    %pushi/vec4 0, 0, 8;
    %assign/vec4 v0x55e1f9832ee0_0, 0;
    %pushi/vec4 0, 0, 1;
    %assign/vec4 v0x55e1f9832bc0_0, 0;
    %pushi/vec4 0, 0, 1;
    %assign/vec4 v0x55e1f9832fc0_0, 0;
    %pushi/vec4 0, 0, 1;
    %assign/vec4 v0x55e1f98329d0_0, 0;
    %pushi/vec4 0, 0, 1;
    %assign/vec4 v0x55e1f9832d60_0, 0;
    %pushi/vec4 0, 0, 1;
    %assign/vec4 v0x55e1f9833080_0, 0;
    %jmp T_8.1;
T_8.0 ;
    %pushi/vec4 0, 0, 1;
    %assign/vec4 v0x55e1f9832bc0_0, 0;
    %pushi/vec4 0, 0, 1;
    %assign/vec4 v0x55e1f9832fc0_0, 0;
    %pushi/vec4 0, 0, 1;
    %assign/vec4 v0x55e1f9833080_0, 0;
    %load/vec4 v0x55e1f9833fc0_0;
    %flag_set/vec4 8;
    %jmp/0xz  T_8.2, 8;
    %pushi/vec4 0, 0, 3;
    %assign/vec4 v0x55e1f9833ee0_0, 0;
    %pushi/vec4 0, 0, 1;
    %assign/vec4 v0x55e1f9832d60_0, 0;
    %jmp T_8.3;
T_8.2 ;
    %load/vec4 v0x55e1f9833e20_0;
    %flag_set/vec4 8;
    %jmp/0xz  T_8.4, 8;
    %pushi/vec4 1, 0, 3;
    %assign/vec4 v0x55e1f9833ee0_0, 0;
    %pushi/vec4 0, 0, 4;
    %assign/vec4 v0x55e1f9832c80_0, 0;
    %pushi/vec4 0, 0, 8;
    %assign/vec4 v0x55e1f9833d40_0, 0;
    %pushi/vec4 1, 0, 1;
    %assign/vec4 v0x55e1f9832d60_0, 0;
    %jmp T_8.5;
T_8.4 ;
    %load/vec4 v0x55e1f9833ee0_0;
    %dup/vec4;
    %pushi/vec4 0, 0, 3;
    %cmp/u;
    %jmp/1 T_8.6, 6;
    %dup/vec4;
    %pushi/vec4 1, 0, 3;
    %cmp/u;
    %jmp/1 T_8.7, 6;
    %dup/vec4;
    %pushi/vec4 2, 0, 3;
    %cmp/u;
    %jmp/1 T_8.8, 6;
    %dup/vec4;
    %pushi/vec4 3, 0, 3;
    %cmp/u;
    %jmp/1 T_8.9, 6;
    %dup/vec4;
    %pushi/vec4 4, 0, 3;
    %cmp/u;
    %jmp/1 T_8.10, 6;
    %dup/vec4;
    %pushi/vec4 5, 0, 3;
    %cmp/u;
    %jmp/1 T_8.11, 6;
    %pushi/vec4 0, 0, 3;
    %assign/vec4 v0x55e1f9833ee0_0, 0;
    %jmp T_8.13;
T_8.6 ;
    %pushi/vec4 0, 0, 1;
    %assign/vec4 v0x55e1f9832d60_0, 0;
    %jmp T_8.13;
T_8.7 ;
    %load/vec4 v0x55e1f9833680_0;
    %flag_set/vec4 8;
    %jmp/0xz  T_8.14, 8;
    %load/vec4 v0x55e1f9833d40_0;
    %parti/s 7, 0, 2;
    %load/vec4 v0x55e1f9833c80_0;
    %concat/vec4; draw_concat_vec4
    %assign/vec4 v0x55e1f9833d40_0, 0;
    %load/vec4 v0x55e1f9832c80_0;
    %cmpi/e 6, 0, 4;
    %jmp/0xz  T_8.16, 4;
    %load/vec4 v0x55e1f9833d40_0;
    %parti/s 6, 0, 2;
    %load/vec4 v0x55e1f9833c80_0;
    %concat/vec4; draw_concat_vec4
    %assign/vec4 v0x55e1f9832ae0_0, 0;
    %pushi/vec4 0, 0, 4;
    %assign/vec4 v0x55e1f9832c80_0, 0;
    %pushi/vec4 2, 0, 3;
    %assign/vec4 v0x55e1f9833ee0_0, 0;
    %jmp T_8.17;
T_8.16 ;
    %load/vec4 v0x55e1f9832c80_0;
    %addi 1, 0, 4;
    %assign/vec4 v0x55e1f9832c80_0, 0;
T_8.17 ;
T_8.14 ;
    %jmp T_8.13;
T_8.8 ;
    %load/vec4 v0x55e1f9833680_0;
    %flag_set/vec4 8;
    %jmp/0xz  T_8.18, 8;
    %load/vec4 v0x55e1f9833c80_0;
    %assign/vec4 v0x55e1f9833200_0, 0;
    %pushi/vec4 1, 0, 1;
    %assign/vec4 v0x55e1f9832bc0_0, 0;
    %pushi/vec4 0, 0, 4;
    %assign/vec4 v0x55e1f9832c80_0, 0;
    %pushi/vec4 3, 0, 3;
    %assign/vec4 v0x55e1f9833ee0_0, 0;
T_8.18 ;
    %jmp T_8.13;
T_8.9 ;
    %load/vec4 v0x55e1f9833680_0;
    %flag_set/vec4 8;
    %jmp/0xz  T_8.20, 8;
    %load/vec4 v0x55e1f9833c80_0;
    %inv;
    %assign/vec4 v0x55e1f98329d0_0, 0;
    %load/vec4 v0x55e1f9833c80_0;
    %cmpi/e 0, 0, 1;
    %jmp/0xz  T_8.22, 4;
    %pushi/vec4 0, 0, 8;
    %assign/vec4 v0x55e1f9833d40_0, 0;
    %pushi/vec4 0, 0, 4;
    %assign/vec4 v0x55e1f9832c80_0, 0;
    %pushi/vec4 4, 0, 3;
    %assign/vec4 v0x55e1f9833ee0_0, 0;
    %jmp T_8.23;
T_8.22 ;
    %pushi/vec4 1, 0, 1;
    %assign/vec4 v0x55e1f9833080_0, 0;
    %pushi/vec4 0, 0, 3;
    %assign/vec4 v0x55e1f9833ee0_0, 0;
T_8.23 ;
T_8.20 ;
    %jmp T_8.13;
T_8.10 ;
    %load/vec4 v0x55e1f9833680_0;
    %flag_set/vec4 8;
    %jmp/0xz  T_8.24, 8;
    %load/vec4 v0x55e1f9833d40_0;
    %parti/s 7, 0, 2;
    %load/vec4 v0x55e1f9833c80_0;
    %concat/vec4; draw_concat_vec4
    %assign/vec4 v0x55e1f9833d40_0, 0;
    %load/vec4 v0x55e1f9832c80_0;
    %cmpi/e 7, 0, 4;
    %jmp/0xz  T_8.26, 4;
    %load/vec4 v0x55e1f9833d40_0;
    %parti/s 7, 0, 2;
    %load/vec4 v0x55e1f9833c80_0;
    %concat/vec4; draw_concat_vec4
    %assign/vec4 v0x55e1f9832ee0_0, 0;
    %pushi/vec4 1, 0, 1;
    %assign/vec4 v0x55e1f9832fc0_0, 0;
    %pushi/vec4 0, 0, 4;
    %assign/vec4 v0x55e1f9832c80_0, 0;
    %pushi/vec4 5, 0, 3;
    %assign/vec4 v0x55e1f9833ee0_0, 0;
    %jmp T_8.27;
T_8.26 ;
    %load/vec4 v0x55e1f9832c80_0;
    %addi 1, 0, 4;
    %assign/vec4 v0x55e1f9832c80_0, 0;
T_8.27 ;
T_8.24 ;
    %jmp T_8.13;
T_8.11 ;
    %load/vec4 v0x55e1f9833680_0;
    %flag_set/vec4 8;
    %jmp/0xz  T_8.28, 8;
    %load/vec4 v0x55e1f9833c80_0;
    %inv;
    %assign/vec4 v0x55e1f98329d0_0, 0;
    %pushi/vec4 0, 0, 8;
    %assign/vec4 v0x55e1f9833d40_0, 0;
    %pushi/vec4 0, 0, 4;
    %assign/vec4 v0x55e1f9832c80_0, 0;
    %pushi/vec4 4, 0, 3;
    %assign/vec4 v0x55e1f9833ee0_0, 0;
T_8.28 ;
    %jmp T_8.13;
T_8.13 ;
    %pop/vec4 1;
T_8.5 ;
T_8.3 ;
T_8.1 ;
    %jmp T_8;
    .thread T_8;
    .scope S_0x55e1f979d690;
T_9 ;
    %pushi/vec4 0, 0, 32;
    %store/vec4 v0x55e1f9834d40_0, 0, 32;
    %pushi/vec4 0, 0, 32;
    %store/vec4 v0x55e1f9834ca0_0, 0, 32;
    %end;
    .thread T_9, $init;
    .scope S_0x55e1f979d690;
T_10 ;
    %pushi/vec4 0, 0, 1;
    %store/vec4 v0x55e1f98348a0_0, 0, 1;
    %end;
    .thread T_10;
    .scope S_0x55e1f979d690;
T_11 ;
    %delay 5000, 0;
    %load/vec4 v0x55e1f98348a0_0;
    %inv;
    %store/vec4 v0x55e1f98348a0_0, 0, 1;
    %jmp T_11;
    .thread T_11;
    .scope S_0x55e1f979d690;
T_12 ;
    %wait E_0x55e1f97f4360;
    %load/vec4 v0x55e1f9834de0_0;
    %nor/r;
    %flag_set/vec4 8;
    %jmp/0xz  T_12.0, 8;
    %pushi/vec4 0, 0, 1;
    %assign/vec4 v0x55e1f9834c00_0, 0;
    %jmp T_12.1;
T_12.0 ;
    %load/vec4 v0x55e1f9834b30_0;
    %flag_set/vec4 8;
    %jmp/0xz  T_12.2, 8;
    %pushi/vec4 1, 0, 1;
    %assign/vec4 v0x55e1f9834c00_0, 0;
T_12.2 ;
T_12.1 ;
    %jmp T_12;
    .thread T_12;
    .scope S_0x55e1f979d690;
T_13 ;
    %wait E_0x55e1f97f0ff0;
    %load/vec4 v0x55e1f98346d0_0;
    %flag_set/vec4 8;
    %jmp/0xz  T_13.0, 8;
    %vpi_call/w 3 183 "$display", "  [MON] addr_valid: addr=0x%0h  rw=%0b  (@%0t ns)", v0x55e1f9834630_0, v0x55e1f9834eb0_0, $time {0 0 0};
T_13.0 ;
    %load/vec4 v0x55e1f9834a60_0;
    %flag_set/vec4 8;
    %jmp/0xz  T_13.2, 8;
    %vpi_call/w 3 185 "$display", "  [MON] data_valid: data=0x%0h  ack=%0b  (@%0t ns)", v0x55e1f9834990_0, v0x55e1f9834570_0, $time {0 0 0};
T_13.2 ;
    %load/vec4 v0x55e1f9834b30_0;
    %flag_set/vec4 8;
    %jmp/0xz  T_13.4, 8;
    %vpi_call/w 3 187 "$display", "  [MON] ERROR detected                           (@%0t ns)", $time {0 0 0};
T_13.4 ;
    %jmp T_13;
    .thread T_13;
    .scope S_0x55e1f979d690;
T_14 ;
    %vpi_call/w 3 194 "$dumpfile", "i2c_decoder_tb.vcd" {0 0 0};
    %vpi_call/w 3 195 "$dumpvars", 32'sb00000000000000000000000000000000, S_0x55e1f979d690 {0 0 0};
    %pushi/vec4 1, 0, 1;
    %store/vec4 v0x55e1f9834f80_0, 0, 1;
    %pushi/vec4 1, 0, 1;
    %store/vec4 v0x55e1f9835050_0, 0, 1;
    %pushi/vec4 0, 0, 1;
    %store/vec4 v0x55e1f9834de0_0, 0, 1;
    %pushi/vec4 4, 0, 32;
    %store/vec4 v0x55e1f9834490_0, 0, 32;
    %fork TD_i2c_decoder_tb.wait_clocks, S_0x55e1f9834200;
    %join;
    %pushi/vec4 1, 0, 1;
    %store/vec4 v0x55e1f9834de0_0, 0, 1;
    %pushi/vec4 4, 0, 32;
    %store/vec4 v0x55e1f9834490_0, 0, 32;
    %fork TD_i2c_decoder_tb.wait_clocks, S_0x55e1f9834200;
    %join;
    %vpi_call/w 3 209 "$display", "\012=== Test 1: WRITE  addr=0x4A  data=[0xA5, 0x3C] ===" {0 0 0};
    %fork TD_i2c_decoder_tb.i2c_start, S_0x55e1f9831ac0;
    %join;
    %pushi/vec4 148, 0, 8;
    %store/vec4 v0x55e1f97d3a00_0, 0, 8;
    %pushi/vec4 1, 0, 1;
    %store/vec4 v0x55e1f9831a20_0, 0, 1;
    %fork TD_i2c_decoder_tb.i2c_send_byte, S_0x55e1f98317a0;
    %join;
    %pushi/vec4 2, 0, 32;
    %store/vec4 v0x55e1f9834490_0, 0, 32;
    %fork TD_i2c_decoder_tb.wait_clocks, S_0x55e1f9834200;
    %join;
    %load/vec4 v0x55e1f9834630_0;
    %pad/u 64;
    %store/vec4 v0x55e1f9804bf0_0, 0, 64;
    %pushi/vec4 74, 0, 64;
    %store/vec4 v0x55e1f9804b20_0, 0, 64;
    %pushi/vec4 0, 0, 32; draw_string_vec4
    %pushi/vec4 0, 0, 32; draw_string_vec4
    %concat/vec4; draw_string_vec4
    %pushi/vec4 5517600, 0, 32; draw_string_vec4
    %concat/vec4; draw_string_vec4
    %pushi/vec4 1633969266, 0, 32; draw_string_vec4
    %concat/vec4; draw_string_vec4
    %store/vec4 v0x55e1f9806810_0, 0, 128;
    %fork TD_i2c_decoder_tb.check, S_0x55e1f97eb5d0;
    %join;
    %load/vec4 v0x55e1f9834eb0_0;
    %pad/u 64;
    %store/vec4 v0x55e1f9804bf0_0, 0, 64;
    %pushi/vec4 0, 0, 64;
    %store/vec4 v0x55e1f9804b20_0, 0, 64;
    %pushi/vec4 0, 0, 32; draw_string_vec4
    %pushi/vec4 0, 0, 32; draw_string_vec4
    %concat/vec4; draw_string_vec4
    %pushi/vec4 5517600, 0, 32; draw_string_vec4
    %concat/vec4; draw_string_vec4
    %pushi/vec4 1920409632, 0, 32; draw_string_vec4
    %concat/vec4; draw_string_vec4
    %store/vec4 v0x55e1f9806810_0, 0, 128;
    %fork TD_i2c_decoder_tb.check, S_0x55e1f97eb5d0;
    %join;
    %pushi/vec4 165, 0, 8;
    %store/vec4 v0x55e1f97d3a00_0, 0, 8;
    %pushi/vec4 1, 0, 1;
    %store/vec4 v0x55e1f9831a20_0, 0, 1;
    %fork TD_i2c_decoder_tb.i2c_send_byte, S_0x55e1f98317a0;
    %join;
    %pushi/vec4 2, 0, 32;
    %store/vec4 v0x55e1f9834490_0, 0, 32;
    %fork TD_i2c_decoder_tb.wait_clocks, S_0x55e1f9834200;
    %join;
    %load/vec4 v0x55e1f9834990_0;
    %pad/u 64;
    %store/vec4 v0x55e1f9804bf0_0, 0, 64;
    %pushi/vec4 165, 0, 64;
    %store/vec4 v0x55e1f9804b20_0, 0, 64;
    %pushi/vec4 0, 0, 32; draw_string_vec4
    %pushi/vec4 21553, 0, 32; draw_string_vec4
    %concat/vec4; draw_string_vec4
    %pushi/vec4 543449460, 0, 32; draw_string_vec4
    %concat/vec4; draw_string_vec4
    %pushi/vec4 1633366109, 0, 32; draw_string_vec4
    %concat/vec4; draw_string_vec4
    %store/vec4 v0x55e1f9806810_0, 0, 128;
    %fork TD_i2c_decoder_tb.check, S_0x55e1f97eb5d0;
    %join;
    %pushi/vec4 60, 0, 8;
    %store/vec4 v0x55e1f97d3a00_0, 0, 8;
    %pushi/vec4 1, 0, 1;
    %store/vec4 v0x55e1f9831a20_0, 0, 1;
    %fork TD_i2c_decoder_tb.i2c_send_byte, S_0x55e1f98317a0;
    %join;
    %pushi/vec4 2, 0, 32;
    %store/vec4 v0x55e1f9834490_0, 0, 32;
    %fork TD_i2c_decoder_tb.wait_clocks, S_0x55e1f9834200;
    %join;
    %load/vec4 v0x55e1f9834990_0;
    %pad/u 64;
    %store/vec4 v0x55e1f9804bf0_0, 0, 64;
    %pushi/vec4 60, 0, 64;
    %store/vec4 v0x55e1f9804b20_0, 0, 64;
    %pushi/vec4 0, 0, 32; draw_string_vec4
    %pushi/vec4 21553, 0, 32; draw_string_vec4
    %concat/vec4; draw_string_vec4
    %pushi/vec4 543449460, 0, 32; draw_string_vec4
    %concat/vec4; draw_string_vec4
    %pushi/vec4 1633366365, 0, 32; draw_string_vec4
    %concat/vec4; draw_string_vec4
    %store/vec4 v0x55e1f9806810_0, 0, 128;
    %fork TD_i2c_decoder_tb.check, S_0x55e1f97eb5d0;
    %join;
    %fork TD_i2c_decoder_tb.i2c_stop, S_0x55e1f9831cf0;
    %join;
    %pushi/vec4 10, 0, 32;
    %store/vec4 v0x55e1f9834490_0, 0, 32;
    %fork TD_i2c_decoder_tb.wait_clocks, S_0x55e1f9834200;
    %join;
    %vpi_call/w 3 231 "$display", "\012=== Test 2: READ   addr=0x4A ===" {0 0 0};
    %fork TD_i2c_decoder_tb.i2c_start, S_0x55e1f9831ac0;
    %join;
    %pushi/vec4 149, 0, 8;
    %store/vec4 v0x55e1f97d3a00_0, 0, 8;
    %pushi/vec4 1, 0, 1;
    %store/vec4 v0x55e1f9831a20_0, 0, 1;
    %fork TD_i2c_decoder_tb.i2c_send_byte, S_0x55e1f98317a0;
    %join;
    %pushi/vec4 2, 0, 32;
    %store/vec4 v0x55e1f9834490_0, 0, 32;
    %fork TD_i2c_decoder_tb.wait_clocks, S_0x55e1f9834200;
    %join;
    %load/vec4 v0x55e1f9834630_0;
    %pad/u 64;
    %store/vec4 v0x55e1f9804bf0_0, 0, 64;
    %pushi/vec4 74, 0, 64;
    %store/vec4 v0x55e1f9804b20_0, 0, 64;
    %pushi/vec4 0, 0, 32; draw_string_vec4
    %pushi/vec4 0, 0, 32; draw_string_vec4
    %concat/vec4; draw_string_vec4
    %pushi/vec4 5517856, 0, 32; draw_string_vec4
    %concat/vec4; draw_string_vec4
    %pushi/vec4 1633969266, 0, 32; draw_string_vec4
    %concat/vec4; draw_string_vec4
    %store/vec4 v0x55e1f9806810_0, 0, 128;
    %fork TD_i2c_decoder_tb.check, S_0x55e1f97eb5d0;
    %join;
    %load/vec4 v0x55e1f9834eb0_0;
    %pad/u 64;
    %store/vec4 v0x55e1f9804bf0_0, 0, 64;
    %pushi/vec4 1, 0, 64;
    %store/vec4 v0x55e1f9804b20_0, 0, 64;
    %pushi/vec4 0, 0, 32; draw_string_vec4
    %pushi/vec4 0, 0, 32; draw_string_vec4
    %concat/vec4; draw_string_vec4
    %pushi/vec4 5517856, 0, 32; draw_string_vec4
    %concat/vec4; draw_string_vec4
    %pushi/vec4 1920409632, 0, 32; draw_string_vec4
    %concat/vec4; draw_string_vec4
    %store/vec4 v0x55e1f9806810_0, 0, 128;
    %fork TD_i2c_decoder_tb.check, S_0x55e1f97eb5d0;
    %join;
    %fork TD_i2c_decoder_tb.i2c_stop, S_0x55e1f9831cf0;
    %join;
    %pushi/vec4 10, 0, 32;
    %store/vec4 v0x55e1f9834490_0, 0, 32;
    %fork TD_i2c_decoder_tb.wait_clocks, S_0x55e1f9834200;
    %join;
    %vpi_call/w 3 244 "$display", "\012=== Test 3: Repeated START ===" {0 0 0};
    %fork TD_i2c_decoder_tb.i2c_start, S_0x55e1f9831ac0;
    %join;
    %pushi/vec4 36, 0, 8;
    %store/vec4 v0x55e1f97d3a00_0, 0, 8;
    %pushi/vec4 1, 0, 1;
    %store/vec4 v0x55e1f9831a20_0, 0, 1;
    %fork TD_i2c_decoder_tb.i2c_send_byte, S_0x55e1f98317a0;
    %join;
    %pushi/vec4 2, 0, 32;
    %store/vec4 v0x55e1f9834490_0, 0, 32;
    %fork TD_i2c_decoder_tb.wait_clocks, S_0x55e1f9834200;
    %join;
    %load/vec4 v0x55e1f9834630_0;
    %pad/u 64;
    %store/vec4 v0x55e1f9804bf0_0, 0, 64;
    %pushi/vec4 18, 0, 64;
    %store/vec4 v0x55e1f9804b20_0, 0, 64;
    %pushi/vec4 0, 0, 32; draw_string_vec4
    %pushi/vec4 0, 0, 32; draw_string_vec4
    %concat/vec4; draw_string_vec4
    %pushi/vec4 1412636769, 0, 32; draw_string_vec4
    %concat/vec4; draw_string_vec4
    %pushi/vec4 1684304433, 0, 32; draw_string_vec4
    %concat/vec4; draw_string_vec4
    %store/vec4 v0x55e1f9806810_0, 0, 128;
    %fork TD_i2c_decoder_tb.check, S_0x55e1f97eb5d0;
    %join;
    %pushi/vec4 1, 0, 1;
    %store/vec4 v0x55e1f9835050_0, 0, 1;
    %pushi/vec4 50, 0, 32;
    %store/vec4 v0x55e1f9834490_0, 0, 32;
    %fork TD_i2c_decoder_tb.wait_clocks, S_0x55e1f9834200;
    %join;
    %pushi/vec4 1, 0, 1;
    %store/vec4 v0x55e1f9834f80_0, 0, 1;
    %pushi/vec4 50, 0, 32;
    %store/vec4 v0x55e1f9834490_0, 0, 32;
    %fork TD_i2c_decoder_tb.wait_clocks, S_0x55e1f9834200;
    %join;
    %fork TD_i2c_decoder_tb.i2c_start, S_0x55e1f9831ac0;
    %join;
    %pushi/vec4 170, 0, 8;
    %store/vec4 v0x55e1f97d3a00_0, 0, 8;
    %pushi/vec4 1, 0, 1;
    %store/vec4 v0x55e1f9831a20_0, 0, 1;
    %fork TD_i2c_decoder_tb.i2c_send_byte, S_0x55e1f98317a0;
    %join;
    %pushi/vec4 2, 0, 32;
    %store/vec4 v0x55e1f9834490_0, 0, 32;
    %fork TD_i2c_decoder_tb.wait_clocks, S_0x55e1f9834200;
    %join;
    %load/vec4 v0x55e1f9834630_0;
    %pad/u 64;
    %store/vec4 v0x55e1f9804bf0_0, 0, 64;
    %pushi/vec4 85, 0, 64;
    %store/vec4 v0x55e1f9804b20_0, 0, 64;
    %pushi/vec4 2177471937, 0, 34;
    %concati/vec4 2508575125, 0, 32;
    %concati/vec4 2424393041, 0, 32;
    %concati/vec4 22172713, 0, 30;
    %store/vec4 v0x55e1f9806810_0, 0, 128;
    %fork TD_i2c_decoder_tb.check, S_0x55e1f97eb5d0;
    %join;
    %fork TD_i2c_decoder_tb.i2c_stop, S_0x55e1f9831cf0;
    %join;
    %pushi/vec4 10, 0, 32;
    %store/vec4 v0x55e1f9834490_0, 0, 32;
    %fork TD_i2c_decoder_tb.wait_clocks, S_0x55e1f9834200;
    %join;
    %vpi_call/w 3 267 "$display", "\012=== Test 4: NACK from slave (error expected) ===" {0 0 0};
    %fork TD_i2c_decoder_tb.clear_error_latch, S_0x55e1f9831380;
    %join;
    %fork TD_i2c_decoder_tb.i2c_start, S_0x55e1f9831ac0;
    %join;
    %pushi/vec4 254, 0, 8;
    %store/vec4 v0x55e1f97d3a00_0, 0, 8;
    %pushi/vec4 0, 0, 1;
    %store/vec4 v0x55e1f9831a20_0, 0, 1;
    %fork TD_i2c_decoder_tb.i2c_send_byte, S_0x55e1f98317a0;
    %join;
    %pushi/vec4 10, 0, 32;
    %store/vec4 v0x55e1f9834490_0, 0, 32;
    %fork TD_i2c_decoder_tb.wait_clocks, S_0x55e1f9834200;
    %join;
    %load/vec4 v0x55e1f9834c00_0;
    %pad/u 64;
    %store/vec4 v0x55e1f9804bf0_0, 0, 64;
    %pushi/vec4 1, 0, 64;
    %store/vec4 v0x55e1f9804b20_0, 0, 64;
    %pushi/vec4 84, 0, 32; draw_string_vec4
    %pushi/vec4 874538354, 0, 32; draw_string_vec4
    %concat/vec4; draw_string_vec4
    %pushi/vec4 1919906336, 0, 32; draw_string_vec4
    %concat/vec4; draw_string_vec4
    %pushi/vec4 1718378855, 0, 32; draw_string_vec4
    %concat/vec4; draw_string_vec4
    %store/vec4 v0x55e1f9806810_0, 0, 128;
    %fork TD_i2c_decoder_tb.check, S_0x55e1f97eb5d0;
    %join;
    %fork TD_i2c_decoder_tb.i2c_stop, S_0x55e1f9831cf0;
    %join;
    %pushi/vec4 10, 0, 32;
    %store/vec4 v0x55e1f9834490_0, 0, 32;
    %fork TD_i2c_decoder_tb.wait_clocks, S_0x55e1f9834200;
    %join;
    %vpi_call/w 3 279 "$display", "\012======================================" {0 0 0};
    %vpi_call/w 3 280 "$display", " Results: %0d PASSED, %0d FAILED", v0x55e1f9834d40_0, v0x55e1f9834ca0_0 {0 0 0};
    %vpi_call/w 3 281 "$display", "======================================\012" {0 0 0};
    %load/vec4 v0x55e1f9834ca0_0;
    %cmpi/e 0, 0, 32;
    %jmp/0xz  T_14.0, 4;
    %vpi_call/w 3 284 "$display", "ALL TESTS PASSED" {0 0 0};
    %jmp T_14.1;
T_14.0 ;
    %vpi_call/w 3 286 "$display", "SOME TESTS FAILED - check log above" {0 0 0};
T_14.1 ;
    %vpi_call/w 3 288 "$finish" {0 0 0};
    %end;
    .thread T_14;
# The file index is used to find the file name in the following table.
:file_names 5;
    "N/A";
    "<interactive>";
    "-";
    "i2c_decoder_tb.v";
    "i2c_decoder.v";
