#! /usr/bin/vvp
:ivl_version "12.0 (stable)";
:ivl_delay_selection "TYPICAL";
:vpi_time_precision - 12;
:vpi_module "/usr/lib64/ivl/system.vpi";
:vpi_module "/usr/lib64/ivl/vhdl_sys.vpi";
:vpi_module "/usr/lib64/ivl/vhdl_textio.vpi";
:vpi_module "/usr/lib64/ivl/v2005_math.vpi";
:vpi_module "/usr/lib64/ivl/va_math.vpi";
:vpi_module "/usr/lib64/ivl/v2009.vpi";
S_0x557a1b3328c0 .scope package, "$unit" "$unit" 2 1;
 .timescale 0 0;
S_0x557a1b332a50 .scope module, "hex_to_uart" "hex_to_uart" 3 88;
 .timescale -9 -12;
    .port_info 0 /INPUT 1 "clk";
    .port_info 1 /INPUT 8 "bin_data";
    .port_info 2 /INPUT 1 "start";
    .port_info 3 /OUTPUT 1 "uart_txd";
    .port_info 4 /OUTPUT 1 "busy";
o0x7ff9c8e90078 .functor BUFZ 8, C4<zzzzzzzz>; HiZ drive
v0x557a1b356cc0_0 .net "bin_data", 7 0, o0x7ff9c8e90078;  0 drivers
o0x7ff9c8e900a8 .functor BUFZ 1, C4<z>; HiZ drive
v0x557a1b356dc0_0 .net "busy", 0 0, o0x7ff9c8e900a8;  0 drivers
o0x7ff9c8e900d8 .functor BUFZ 1, C4<z>; HiZ drive
v0x557a1b356e80_0 .net "clk", 0 0, o0x7ff9c8e900d8;  0 drivers
v0x557a1b356f20_0 .var "hex_high", 3 0;
v0x557a1b357000_0 .var "hex_low", 3 0;
o0x7ff9c8e90168 .functor BUFZ 1, C4<z>; HiZ drive
v0x557a1b357130_0 .net "start", 0 0, o0x7ff9c8e90168;  0 drivers
v0x557a1b3571f0_0 .var "uart_txd", 0 0;
E_0x557a1b33d7d0 .event anyedge, v0x557a1b356cc0_0;
S_0x557a1b2f5670 .scope function.vec4.s8, "to_ascii" "to_ascii" 3 104, 3 104 0, S_0x557a1b332a50;
 .timescale -9 -12;
v0x557a1b324aa0_0 .var "nibble", 3 0;
; Variable to_ascii is vec4 return value of scope S_0x557a1b2f5670
TD_hex_to_uart.to_ascii ;
    %load/vec4 v0x557a1b324aa0_0;
    %pad/u 32;
    %cmpi/u 10, 0, 32;
    %flag_mov 8, 5;
    %jmp/0 T_0.0, 8;
    %load/vec4 v0x557a1b324aa0_0;
    %pad/u 8;
    %addi 48, 0, 8;
    %jmp/1 T_0.1, 8;
T_0.0 ; End of true expr.
    %load/vec4 v0x557a1b324aa0_0;
    %pad/u 8;
    %addi 55, 0, 8;
    %jmp/0 T_0.1, 8;
 ; End of false expr.
    %blend;
T_0.1;
    %ret/vec4 0, 0, 8;  Assign to to_ascii (store_vec4_to_lval)
    %end;
S_0x557a1b2f54e0 .scope module, "tb_logic_analyzer" "tb_logic_analyzer" 4 3;
 .timescale -9 -12;
v0x557a1b358610_0 .var "clk", 0 0;
v0x557a1b3586d0_0 .var "probes", 7 0;
v0x557a1b358770_0 .var "rst", 0 0;
v0x557a1b358840_0 .var "trigger", 0 0;
v0x557a1b358910_0 .net "tx_data", 7 0, v0x557a1b3582d0_0;  1 drivers
v0x557a1b3589b0_0 .net "tx_start", 0 0, v0x557a1b358470_0;  1 drivers
S_0x557a1b357350 .scope module, "uut" "logic_analyzer" 4 12, 3 1 0, S_0x557a1b2f54e0;
 .timescale -9 -12;
    .port_info 0 /INPUT 1 "clk";
    .port_info 1 /INPUT 1 "rst";
    .port_info 2 /INPUT 8 "probe_pins";
    .port_info 3 /INPUT 1 "trigger_pin";
    .port_info 4 /OUTPUT 1 "tx_start";
    .port_info 5 /OUTPUT 8 "tx_data";
    .port_info 6 /INPUT 1 "tx_ready";
P_0x557a1b357550 .param/l "DATA_WIDTH" 0 3 3, +C4<00000000000000000000000000001000>;
P_0x557a1b357590 .param/l "IDLE" 1 3 24, C4<00>;
P_0x557a1b3575d0 .param/l "MEM_DEPTH" 0 3 2, +C4<00000000000000000000000000010000>;
P_0x557a1b357610 .param/l "POST_CAPTURE" 1 3 25, C4<01>;
P_0x557a1b357650 .param/l "TRANSMIT" 1 3 26, C4<10>;
v0x557a1b357980_0 .var "addr_ptr", 3 0;
v0x557a1b357a80_0 .var "capture_count", 3 0;
v0x557a1b357b60_0 .net "clk", 0 0, v0x557a1b358610_0;  1 drivers
v0x557a1b357c00_0 .net "probe_pins", 7 0, v0x557a1b3586d0_0;  1 drivers
v0x557a1b357ce0_0 .var "read_ptr", 3 0;
v0x557a1b357e10_0 .net "rst", 0 0, v0x557a1b358770_0;  1 drivers
v0x557a1b357ed0 .array "sample_mem", 15 0, 7 0;
v0x557a1b357f90_0 .var "state", 1 0;
v0x557a1b358070_0 .var "transmit_counter", 4 0;
v0x557a1b358150_0 .net "trigger_pin", 0 0, v0x557a1b358840_0;  1 drivers
v0x557a1b358210_0 .var "trigger_prev", 0 0;
v0x557a1b3582d0_0 .var "tx_data", 7 0;
L_0x7ff9c89c4018 .functor BUFT 1, C4<1>, C4<0>, C4<0>, C4<0>;
v0x557a1b3583b0_0 .net "tx_ready", 0 0, L_0x7ff9c89c4018;  1 drivers
v0x557a1b358470_0 .var "tx_start", 0 0;
E_0x557a1b33f0f0 .event posedge, v0x557a1b357b60_0;
    .scope S_0x557a1b332a50;
T_1 ;
    %wait E_0x557a1b33d7d0;
    %load/vec4 v0x557a1b356cc0_0;
    %parti/s 4, 4, 4;
    %store/vec4 v0x557a1b356f20_0, 0, 4;
    %load/vec4 v0x557a1b356cc0_0;
    %parti/s 4, 0, 2;
    %store/vec4 v0x557a1b357000_0, 0, 4;
    %jmp T_1;
    .thread T_1, $push;
    .scope S_0x557a1b357350;
T_2 ;
    %wait E_0x557a1b33f0f0;
    %load/vec4 v0x557a1b357e10_0;
    %flag_set/vec4 8;
    %jmp/0xz  T_2.0, 8;
    %pushi/vec4 0, 0, 2;
    %assign/vec4 v0x557a1b357f90_0, 0;
    %pushi/vec4 0, 0, 4;
    %assign/vec4 v0x557a1b357980_0, 0;
    %pushi/vec4 0, 0, 4;
    %assign/vec4 v0x557a1b357ce0_0, 0;
    %pushi/vec4 0, 0, 4;
    %assign/vec4 v0x557a1b357a80_0, 0;
    %pushi/vec4 0, 0, 1;
    %assign/vec4 v0x557a1b358470_0, 0;
    %pushi/vec4 0, 0, 8;
    %assign/vec4 v0x557a1b3582d0_0, 0;
    %pushi/vec4 0, 0, 1;
    %assign/vec4 v0x557a1b358210_0, 0;
    %jmp T_2.1;
T_2.0 ;
    %load/vec4 v0x557a1b358150_0;
    %assign/vec4 v0x557a1b358210_0, 0;
    %load/vec4 v0x557a1b357f90_0;
    %dup/vec4;
    %pushi/vec4 0, 0, 2;
    %cmp/u;
    %jmp/1 T_2.2, 6;
    %dup/vec4;
    %pushi/vec4 1, 0, 2;
    %cmp/u;
    %jmp/1 T_2.3, 6;
    %dup/vec4;
    %pushi/vec4 2, 0, 2;
    %cmp/u;
    %jmp/1 T_2.4, 6;
    %pushi/vec4 0, 0, 2;
    %assign/vec4 v0x557a1b357f90_0, 0;
    %jmp T_2.6;
T_2.2 ;
    %pushi/vec4 0, 0, 1;
    %assign/vec4 v0x557a1b358470_0, 0;
    %load/vec4 v0x557a1b357c00_0;
    %load/vec4 v0x557a1b357980_0;
    %pad/u 6;
    %ix/vec4 3;
    %ix/load 4, 0, 0; Constant delay
    %assign/vec4/a/d v0x557a1b357ed0, 0, 4;
    %load/vec4 v0x557a1b357980_0;
    %addi 1, 0, 4;
    %assign/vec4 v0x557a1b357980_0, 0;
    %load/vec4 v0x557a1b358150_0;
    %flag_set/vec4 9;
    %flag_get/vec4 9;
    %jmp/0 T_2.9, 9;
    %load/vec4 v0x557a1b358210_0;
    %nor/r;
    %and;
T_2.9;
    %flag_set/vec4 8;
    %jmp/0xz  T_2.7, 8;
    %pushi/vec4 1, 0, 2;
    %assign/vec4 v0x557a1b357f90_0, 0;
    %pushi/vec4 0, 0, 4;
    %assign/vec4 v0x557a1b357a80_0, 0;
T_2.7 ;
    %jmp T_2.6;
T_2.3 ;
    %load/vec4 v0x557a1b357c00_0;
    %load/vec4 v0x557a1b357980_0;
    %pad/u 6;
    %ix/vec4 3;
    %ix/load 4, 0, 0; Constant delay
    %assign/vec4/a/d v0x557a1b357ed0, 0, 4;
    %load/vec4 v0x557a1b357980_0;
    %addi 1, 0, 4;
    %assign/vec4 v0x557a1b357980_0, 0;
    %load/vec4 v0x557a1b357a80_0;
    %addi 1, 0, 4;
    %assign/vec4 v0x557a1b357a80_0, 0;
    %load/vec4 v0x557a1b357a80_0;
    %pad/u 32;
    %cmpi/e 15, 0, 32;
    %jmp/0xz  T_2.10, 4;
    %pushi/vec4 2, 0, 2;
    %assign/vec4 v0x557a1b357f90_0, 0;
    %load/vec4 v0x557a1b357980_0;
    %pad/u 5;
    %subi 15, 0, 5;
    %pad/u 4;
    %assign/vec4 v0x557a1b357ce0_0, 0;
    %pushi/vec4 0, 0, 5;
    %assign/vec4 v0x557a1b358070_0, 0;
T_2.10 ;
    %jmp T_2.6;
T_2.4 ;
    %load/vec4 v0x557a1b3583b0_0;
    %flag_set/vec4 9;
    %flag_get/vec4 9;
    %jmp/0 T_2.14, 9;
    %load/vec4 v0x557a1b358470_0;
    %nor/r;
    %and;
T_2.14;
    %flag_set/vec4 8;
    %jmp/0xz  T_2.12, 8;
    %load/vec4 v0x557a1b357ce0_0;
    %pad/u 6;
    %ix/vec4 4;
    %load/vec4a v0x557a1b357ed0, 4;
    %assign/vec4 v0x557a1b3582d0_0, 0;
    %pushi/vec4 1, 0, 1;
    %assign/vec4 v0x557a1b358470_0, 0;
    %jmp T_2.13;
T_2.12 ;
    %load/vec4 v0x557a1b358470_0;
    %flag_set/vec4 8;
    %jmp/0xz  T_2.15, 8;
    %pushi/vec4 0, 0, 1;
    %assign/vec4 v0x557a1b358470_0, 0;
    %load/vec4 v0x557a1b357ce0_0;
    %addi 1, 0, 4;
    %assign/vec4 v0x557a1b357ce0_0, 0;
    %load/vec4 v0x557a1b358070_0;
    %addi 1, 0, 5;
    %assign/vec4 v0x557a1b358070_0, 0;
    %load/vec4 v0x557a1b358070_0;
    %pad/u 32;
    %cmpi/e 15, 0, 32;
    %jmp/0xz  T_2.17, 4;
    %pushi/vec4 0, 0, 2;
    %assign/vec4 v0x557a1b357f90_0, 0;
T_2.17 ;
T_2.15 ;
T_2.13 ;
    %jmp T_2.6;
T_2.6 ;
    %pop/vec4 1;
T_2.1 ;
    %jmp T_2;
    .thread T_2;
    .scope S_0x557a1b2f54e0;
T_3 ;
    %pushi/vec4 0, 0, 1;
    %store/vec4 v0x557a1b358610_0, 0, 1;
    %pushi/vec4 1, 0, 1;
    %store/vec4 v0x557a1b358770_0, 0, 1;
    %pushi/vec4 0, 0, 8;
    %store/vec4 v0x557a1b3586d0_0, 0, 8;
    %pushi/vec4 0, 0, 1;
    %store/vec4 v0x557a1b358840_0, 0, 1;
    %end;
    .thread T_3, $init;
    .scope S_0x557a1b2f54e0;
T_4 ;
    %delay 5000, 0;
    %load/vec4 v0x557a1b358610_0;
    %inv;
    %store/vec4 v0x557a1b358610_0, 0, 1;
    %jmp T_4;
    .thread T_4;
    .scope S_0x557a1b2f54e0;
T_5 ;
    %pushi/vec4 1, 0, 1;
    %store/vec4 v0x557a1b358770_0, 0, 1;
    %pushi/vec4 0, 0, 1;
    %store/vec4 v0x557a1b358840_0, 0, 1;
    %pushi/vec4 0, 0, 8;
    %store/vec4 v0x557a1b3586d0_0, 0, 8;
    %delay 20000, 0;
    %pushi/vec4 0, 0, 1;
    %store/vec4 v0x557a1b358770_0, 0, 1;
    %delay 20000, 0;
    %pushi/vec4 165, 0, 8;
    %store/vec4 v0x557a1b3586d0_0, 0, 8;
    %delay 10000, 0;
    %pushi/vec4 188, 0, 8;
    %store/vec4 v0x557a1b3586d0_0, 0, 8;
    %delay 10000, 0;
    %pushi/vec4 1, 0, 1;
    %store/vec4 v0x557a1b358840_0, 0, 1;
    %delay 10000, 0;
    %pushi/vec4 0, 0, 1;
    %store/vec4 v0x557a1b358840_0, 0, 1;
    %pushi/vec4 16, 0, 32;
T_5.0 %dup/vec4;
    %pushi/vec4 0, 0, 32;
    %cmp/s;
    %jmp/1xz T_5.1, 5;
    %jmp/1 T_5.1, 4;
    %pushi/vec4 1, 0, 32;
    %sub;
    %load/vec4 v0x557a1b3586d0_0;
    %addi 1, 0, 8;
    %store/vec4 v0x557a1b3586d0_0, 0, 8;
    %delay 10000, 0;
    %jmp T_5.0;
T_5.1 ;
    %pop/vec4 1;
    %delay 1000000, 0;
    %vpi_call/w 4 49 "$finish" {0 0 0};
    %end;
    .thread T_5;
    .scope S_0x557a1b2f54e0;
T_6 ;
    %wait E_0x557a1b33f0f0;
    %load/vec4 v0x557a1b3589b0_0;
    %flag_set/vec4 8;
    %jmp/0xz  T_6.0, 8;
    %vpi_call/w 4 55 "$display", "[LOGIC ANALYZER] Captured Value: 0x%h", v0x557a1b358910_0 {0 0 0};
T_6.0 ;
    %jmp T_6;
    .thread T_6;
# The file index is used to find the file name in the following table.
:file_names 5;
    "N/A";
    "<interactive>";
    "-";
    "uart_logic_analyzer.v";
    "tb_uart_logic_analyzer.v";
